Welcome to MAGMA v1.09 (linux/s)
Using flags:
	--gene-results OUTPUT/CELLECT-MAGMA/precomputation/PD_NALLS2019/PD_NALLS2019.genes.raw
	--gene-covar OUTPUT/CELLECT-MAGMA/precomputation/magma_dummy_gene_covar_file.tab
	--model correct=all direction-covar=greater
	--settings abbreviate=0 gene-info
	--out OUTPUT/CELLECT-MAGMA/precomputation/PD_NALLS2019/PD_NALLS2019.resid_correct_all

Start time is 14:04:08, Sunday 07 Mar 2021

Reading file OUTPUT/CELLECT-MAGMA/precomputation/PD_NALLS2019/PD_NALLS2019.genes.raw... 
	19169 genes read from file
Loading gene-level covariates...
Reading file OUTPUT/CELLECT-MAGMA/precomputation/magma_dummy_gene_covar_file.tab... 
	detected 1 variables in file (using all)
	found 1 valid gene covariate, for 19169 genes defined in genotype data
Preparing variables for analysis...
	truncating Z-scores 3 points below zero or 6 standard deviations above the mean
	truncating covariate values more than 5 standard deviations from the mean
	total variables available for analysis: 1 gene covariate

Parsing model specifications...
Inverting gene-gene correlation matrix...
Performing regression analysis...
	testing direction: one-sided, positive (sets), one-sided, positive (covar)
	conditioning on internal variables:
		gene size, log(gene size)
		gene density, log(gene density)
		sample size, log(sample size)
		inverse mac, log(inverse mac)
	analysing individual variables

	analysing single-variable models (number of models: 1)
	writing results to file OUTPUT/CELLECT-MAGMA/precomputation/PD_NALLS2019/PD_NALLS2019.resid_correct_all.gsa.out
	writing gene information to file OUTPUT/CELLECT-MAGMA/precomputation/PD_NALLS2019/PD_NALLS2019.resid_correct_all.gsa.genes.out

End time is 14:04:23, Sunday 07 Mar 2021 (elapsed: 00:00:15)
